2026-04-25 14:55:13 [scrapy.middleware] INFO: Enabled downloader middlewares:
['scrapy.downloadermiddlewares.offsite.OffsiteMiddleware',
 'scrapy.downloadermiddlewares.robotstxt.RobotsTxtMiddleware',
 'scrapy.downloadermiddlewares.httpauth.HttpAuthMiddleware',
 'scrapy.downloadermiddlewares.downloadtimeout.DownloadTimeoutMiddleware',
 'scrapy.downloadermiddlewares.defaultheaders.DefaultHeadersMiddleware',
 'scrapy.downloadermiddlewares.useragent.UserAgentMiddleware',
 'scrapy.downloadermiddlewares.retry.RetryMiddleware',
 'scrapy.downloadermiddlewares.redirect.MetaRefreshMiddleware',
 'scrapy.downloadermiddlewares.httpcompression.HttpCompressionMiddleware',
 'scrapy.downloadermiddlewares.redirect.RedirectMiddleware',
 'scrapy.downloadermiddlewares.cookies.CookiesMiddleware',
 'scrapy.downloadermiddlewares.httpproxy.HttpProxyMiddleware',
 'scrapy.downloadermiddlewares.stats.DownloaderStats']
2026-04-25 14:55:13 [scrapy.middleware] INFO: Enabled spider middlewares:
['scrapy.spidermiddlewares.start.StartSpiderMiddleware',
 'scrapy.spidermiddlewares.httperror.HttpErrorMiddleware',
 'scrapy.spidermiddlewares.referer.RefererMiddleware',
 'scrapy.spidermiddlewares.urllength.UrlLengthMiddleware',
 'scrapy.spidermiddlewares.depth.DepthMiddleware']
2026-04-25 14:55:13 [scrapy.middleware] INFO: Enabled item pipelines:
[]
2026-04-25 14:55:13 [scrapy.core.engine] INFO: Spider opened
2026-04-25 14:55:13 [scrapy.extensions.logstats] INFO: Crawled 0 pages (at 0 pages/min), scraped 0 items (at 0 items/min)
2026-04-25 14:55:13 [scrapy.extensions.telnet] INFO: Telnet console listening on 127.0.0.1:6023
2026-04-25 14:55:13 [scrapy.core.engine] DEBUG: Crawled (404) <GET https://quotes.toscrape.com/robots.txt> (referer: None)
2026-04-25 14:55:15 [scrapy.core.engine] DEBUG: Crawled (200) <GET https://quotes.toscrape.com/page/1/> (referer: None)
2026-04-25 14:55:15 [get_classes] DEBUG: Saved file quotes-1.html
2026-04-25 14:55:16 [scrapy.core.engine] DEBUG: Crawled (200) <GET https://quotes.toscrape.com/page/2/> (referer: None)
2026-04-25 14:55:16 [get_classes] DEBUG: Saved file quotes-2.html
2026-04-25 14:55:16 [scrapy.core.engine] INFO: Closing spider (finished)
2026-04-25 14:55:16 [scrapy.statscollectors] INFO: Dumping Scrapy stats:
{'downloader/request_bytes': 684,
 'downloader/request_count': 3,
 'downloader/request_method_count/GET': 3,
 'downloader/response_bytes': 25576,
 'downloader/response_count': 3,
 'downloader/response_status_count/200': 2,
 'downloader/response_status_count/404': 1,
 'elapsed_time_seconds': 3.219696,
 'finish_reason': 'finished',
 'finish_time': datetime.datetime(2026, 4, 25, 21, 55, 16, 733909, tzinfo=datetime.timezone.utc),
 'items_per_minute': 0.0,
 'log_count/DEBUG': 5,
 'log_count/INFO': 3,
 'memusage/max': 90193920,
 'memusage/startup': 90193920,
 'response_received_count': 3,
 'responses_per_minute': 60.0,
 'robotstxt/request_count': 1,
 'robotstxt/response_count': 1,
 'robotstxt/response_status_count/404': 1,
 'scheduler/dequeued': 2,
 'scheduler/dequeued/memory': 2,
 'scheduler/enqueued': 2,
 'scheduler/enqueued/memory': 2,
 'start_time': datetime.datetime(2026, 4, 25, 21, 55, 13, 514213, tzinfo=datetime.timezone.utc)}
2026-04-25 14:55:16 [scrapy.core.engine] INFO: Spider closed (finished)
